  Battlefield.cpp
C:\Users\Sebix\Desktop\Projekt1\BattlefieldH3\BattlefieldH3\Battlefield.cpp(147,52): warning C4267: 'argument': conversion from 'size_t' to 'T', possible loss of data
          with
          [
              T=int
          ]
C:\Users\Sebix\Desktop\Projekt1\BattlefieldH3\BattlefieldH3\Battlefield.cpp(238,103): warning C4244: 'argument': conversion from 'unsigned __int64' to 'T', possible loss of data
          with
          [
              T=float
          ]
C:\Users\Sebix\Desktop\Projekt1\BattlefieldH3\BattlefieldH3\Battlefield.cpp(238,77): warning C4244: 'argument': conversion from 'unsigned __int64' to 'T', possible loss of data
          with
          [
              T=float
          ]
C:\Users\Sebix\Desktop\Projekt1\BattlefieldH3\BattlefieldH3\Battlefield.cpp(336,15): warning C4244: 'initializing': conversion from 'T' to 'int', possible loss of data
          with
          [
              T=float
          ]
C:\Users\Sebix\Desktop\Projekt1\BattlefieldH3\BattlefieldH3\Battlefield.cpp(337,16): warning C4244: 'initializing': conversion from 'T' to 'int', possible loss of data
          with
          [
              T=float
          ]
C:\Users\Sebix\Desktop\Projekt1\BattlefieldH3\BattlefieldH3\Battlefield.cpp(374,10): warning C4244: 'initializing': conversion from 'double' to 'int', possible loss of data
C:\Program Files (x86)\Microsoft Visual Studio\2019\Community\VC\Tools\MSVC\14.29.30133\include\xutility(158,77): warning C4244: 'argument': conversion from '_Ty' to 'float', possible loss of data
          with
          [
              _Ty=int
          ]
C:\Program Files (x86)\Microsoft Visual Studio\2019\Community\VC\Tools\MSVC\14.29.30133\include\memory(2021): message : see reference to function template instantiation 'void std::_Construct_in_place<_Ty,int,int,int,int,sf::Font*,const char(&)[5]>(_Ty &,int &&,int &&,int &&,int &&,sf::Font *&&,const char (&)[5]) noexcept(false)' being compiled
          with
          [
              _Ty=Button
          ]
C:\Program Files (x86)\Microsoft Visual Studio\2019\Community\VC\Tools\MSVC\14.29.30133\include\memory(2747): message : see reference to function template instantiation 'std::_Ref_count_obj2<_Ty>::_Ref_count_obj2<int,int,int,int,sf::Font*,const char(&)[5]>(int &&,int &&,int &&,int &&,sf::Font *&&,const char (&)[5])' being compiled
          with
          [
              _Ty=Button
          ]
C:\Program Files (x86)\Microsoft Visual Studio\2019\Community\VC\Tools\MSVC\14.29.30133\include\memory(2748): message : see reference to function template instantiation 'std::_Ref_count_obj2<_Ty>::_Ref_count_obj2<int,int,int,int,sf::Font*,const char(&)[5]>(int &&,int &&,int &&,int &&,sf::Font *&&,const char (&)[5])' being compiled
          with
          [
              _Ty=Button
          ]
C:\Users\Sebix\Desktop\Projekt1\BattlefieldH3\BattlefieldH3\Battlefield.cpp(10): message : see reference to function template instantiation 'std::shared_ptr<Button> std::make_shared<Button,int,int,int,int,sf::Font*,const char(&)[5]>(int &&,int &&,int &&,int &&,sf::Font *&&,const char (&)[5])' being compiled
  Generating code
  71 of 4349 functions ( 1.6%) were compiled, the rest were copied from previous compilation.
    6 functions were new in current compilation
    94 functions had inline decision re-evaluated but remain unchanged
  Finished generating code
  BattlefieldH3.vcxproj -> C:\Users\Sebix\Desktop\Projekt1\BattlefieldH3\x64\Release\BattlefieldH3.exe
