d:\projekt1\projekt1\x64\debug\vc141.pdb
d:\projekt1\projekt1\x64\debug\vc141.idb
d:\projekt1\projekt1\x64\debug\state.obj
d:\projekt1\projekt1\x64\debug\game.obj
d:\projekt1\projekt1\x64\debug\projekt1.obj
d:\projekt1\projekt1\x64\debug\gamestate.obj
d:\projekt1\projekt1\x64\debug\entity.obj
d:\projekt1\projekt1\x64\debug\mainmenustate.obj
d:\projekt1\projekt1\x64\debug\button.obj
d:\projekt1\projekt1\x64\debug\player.obj
d:\projekt1\projekt1\x64\debug\movmentcomponent.obj
d:\projekt1\projekt1\x64\debug\animotioncomponent.obj
d:\projekt1\projekt1\x64\debug\editorstate.obj
d:\projekt1\projekt1\x64\debug\settingstate.obj
d:\projekt1\projekt1\x64\debug\world.obj
d:\projekt1\projekt1\x64\debug\tiles.obj
d:\projekt1\projekt1\x64\debug\interface_gamearea.obj
d:\projekt1\projekt1\x64\debug\direction.obj
d:\projekt1\projekt1\x64\debug\controlpanel.obj
d:\projekt1\projekt1\x64\debug\buttonsarea.obj
d:\projekt1\projekt1\x64\debug\borderwindow.obj
d:\projekt1\projekt1\x64\debug\hero.obj
d:\projekt1\projekt1\x64\debug\kingdom.obj
d:\projekt1\projekt1\x64\debug\mapobject.obj
d:\projekt1\projekt1\x64\debug\graphics.obj
d:\projekt1\projekt1\x64\debug\projekt1.pch
d:\projekt1\projekt1\x64\debug\pch.obj
d:\projekt1\x64\debug\projekt1.exe
d:\projekt1\x64\debug\projekt1.ilk
d:\projekt1\x64\debug\projekt1.pdb
d:\projekt1\projekt1\x64\debug\tiles.obj.enc
d:\projekt1\projekt1\x64\debug\world.new.obj.enc
d:\projekt1\projekt1\x64\debug\projekt1.tlog\cl.command.1.tlog
d:\projekt1\projekt1\x64\debug\projekt1.tlog\cl.read.1.tlog
d:\projekt1\projekt1\x64\debug\projekt1.tlog\cl.write.1.tlog
d:\projekt1\projekt1\x64\debug\projekt1.tlog\link.command.1.tlog
d:\projekt1\projekt1\x64\debug\projekt1.tlog\link.read.1.tlog
d:\projekt1\projekt1\x64\debug\projekt1.tlog\link.write.1.tlog
