  pch.cpp
  AnimotionComponent.cpp
  BorderWindow.cpp
  Button.cpp
  ButtonsArea.cpp
  ControlPanel.cpp
  Direction.cpp
  EditorState.cpp
d:\projekt1\projekt1\editorstate.cpp(44): warning C4390: ";": znaleziono kontrolowaną pustą instrukcję; czy to było zamierzone?
d:\projekt1\projekt1\editorstate.cpp(82): warning C4244: "argument": konwersja z "float" do "T", możliwa utrata danych
          with
          [
              T=int
          ]
d:\projekt1\projekt1\editorstate.cpp(81): warning C4244: "argument": konwersja z "float" do "T", możliwa utrata danych
          with
          [
              T=int
          ]
  Entity.cpp
  Game.cpp
  GameState.cpp
d:\projekt1\projekt1\gamestate.cpp(41): warning C4390: ";": znaleziono kontrolowaną pustą instrukcję; czy to było zamierzone?
d:\projekt1\projekt1\gamestate.cpp(90): warning C4244: "argument": konwersja z "float" do "T", możliwa utrata danych
          with
          [
              T=int
          ]
d:\projekt1\projekt1\gamestate.cpp(89): warning C4244: "argument": konwersja z "float" do "T", możliwa utrata danych
          with
          [
              T=int
          ]
  Graphics.cpp
  Hero.cpp
  interface_gamearea.cpp
  Kingdom.cpp
  MainMenuState.cpp
  MapObject.cpp
d:\projekt1\projekt1\mapobject.cpp(9): warning C4267: "return": konwersja z "size_t" do "int", możliwa utrata danych
d:\projekt1\projekt1\mapobject.cpp(15): warning C4267: "return": konwersja z "size_t" do "int", możliwa utrata danych
  MovmentComponent.cpp
  Projekt1.cpp
  SettingState.cpp
  State.cpp
  Trwa kompilowanie...
  Tiles.cpp
d:\projekt1\projekt1\tiles.cpp(59): warning C4244: "argument": konwersja z "float" do "T", możliwa utrata danych
          with
          [
              T=int
          ]
d:\projekt1\projekt1\tiles.cpp(131): warning C4244: "=": konwersja z "float" do "T", możliwa utrata danych
          with
          [
              T=int
          ]
d:\projekt1\projekt1\tiles.cpp(132): warning C4244: "=": konwersja z "float" do "T", możliwa utrata danych
          with
          [
              T=int
          ]
d:\projekt1\projekt1\tiles.cpp(145): warning C4244: "=": konwersja z "float" do "T", możliwa utrata danych
          with
          [
              T=int
          ]
d:\projekt1\projekt1\tiles.cpp(146): warning C4244: "=": konwersja z "float" do "T", możliwa utrata danych
          with
          [
              T=int
          ]
  World.cpp
  Trwa generowanie kodu
d:\projekt1\projekt1\movmentcomponent.cpp(49): warning C4715: "MovmentComponent::getState”: niewszystkie ścieżki kodu zwracają wartość
  Zakończono generowanie kodu
  All 1498 functions were compiled because no usable IPDB/IOBJ from previous compilation was found.
  Projekt1.vcxproj -> D:\Projekt1\x64\Release\Projekt1.exe
